c:\users\justi\downloads\enginedevelopment\labs\02_memorymanagement\lab2work\renderer\x64\debug\vc141.pdb
c:\users\justi\downloads\enginedevelopment\labs\02_memorymanagement\lab2work\renderer\x64\debug\vc141.idb
c:\users\justi\downloads\enginedevelopment\labs\02_memorymanagement\lab2work\renderer\x64\debug\updater.obj
c:\users\justi\downloads\enginedevelopment\labs\02_memorymanagement\lab2work\renderer\x64\debug\main.obj
c:\users\justi\downloads\enginedevelopment\labs\02_memorymanagement\lab2work\renderer\x64\debug\debug_renderer.obj
c:\users\justi\downloads\enginedevelopment\labs\02_memorymanagement\lab2work\renderer\x64\debug\blob.obj
c:\users\justi\downloads\enginedevelopment\labs\02_memorymanagement\lab2work\renderer\x64\debug\renderer.obj
c:\users\justi\downloads\enginedevelopment\labs\02_memorymanagement\lab2work\renderer\x64\debug\pools.obj
c:\users\justi\downloads\enginedevelopment\labs\02_memorymanagement\lab2work\renderer\x64\debug\math_types.obj
c:\users\justi\downloads\enginedevelopment\labs\02_memorymanagement\lab2work\renderer\x64\debug\d3d11_renderer_impl.obj
c:\users\justi\downloads\enginedevelopment\labs\02_memorymanagement\lab2work\renderer\x64\debug\view.obj
c:\users\justi\downloads\enginedevelopment\labs\02_memorymanagement\lab2work\renderer\ps_cube.cso
c:\users\justi\downloads\enginedevelopment\labs\02_memorymanagement\lab2work\renderer\vs_cube.cso
c:\users\justi\downloads\enginedevelopment\labs\02_memorymanagement\lab2work\renderer\ps_grid.cso
c:\users\justi\downloads\enginedevelopment\labs\02_memorymanagement\lab2work\renderer\vs_grid.cso
c:\users\justi\downloads\enginedevelopment\labs\02_memorymanagement\lab2work\x64\debug\renderer.exe
c:\users\justi\downloads\enginedevelopment\labs\02_memorymanagement\lab2work\x64\debug\renderer.ilk
c:\users\justi\downloads\enginedevelopment\labs\02_memorymanagement\lab2work\x64\debug\renderer.pdb
c:\users\justi\downloads\enginedevelopment\labs\02_memorymanagement\lab2work\renderer\x64\debug\renderer.tlog\cl.command.1.tlog
c:\users\justi\downloads\enginedevelopment\labs\02_memorymanagement\lab2work\renderer\x64\debug\renderer.tlog\cl.read.1.tlog
c:\users\justi\downloads\enginedevelopment\labs\02_memorymanagement\lab2work\renderer\x64\debug\renderer.tlog\cl.write.1.tlog
c:\users\justi\downloads\enginedevelopment\labs\02_memorymanagement\lab2work\renderer\x64\debug\renderer.tlog\fxc.command.1.tlog
c:\users\justi\downloads\enginedevelopment\labs\02_memorymanagement\lab2work\renderer\x64\debug\renderer.tlog\fxc.read.1.tlog
c:\users\justi\downloads\enginedevelopment\labs\02_memorymanagement\lab2work\renderer\x64\debug\renderer.tlog\fxc.write.1.tlog
c:\users\justi\downloads\enginedevelopment\labs\02_memorymanagement\lab2work\renderer\x64\debug\renderer.tlog\link.command.1.tlog
c:\users\justi\downloads\enginedevelopment\labs\02_memorymanagement\lab2work\renderer\x64\debug\renderer.tlog\link.read.1.tlog
c:\users\justi\downloads\enginedevelopment\labs\02_memorymanagement\lab2work\renderer\x64\debug\renderer.tlog\link.write.1.tlog
